<?xml version="1.0" encoding="UTF-8"?>
<!-- Generated by org.testng.reporters.JUnitXMLReporter -->
<testsuite ignored="0" hostname="WKWIN2371013" failures="0" tests="3" name="Default test" time="0.048" errors="0" timestamp="2023-02-04T08:14:00 IST">
  <testcase classname="SeleniumTests.Testngdemo" name="minus1" time="0.007"/>
  <testcase classname="SeleniumTests.Testngdemo" name="order0" time="0.001"/>
  <testcase classname="SeleniumTests.Testngdemo" name="order1" time="0.001"/>
</testsuite> <!-- Default test -->
