<?xml version="1.0" encoding="UTF-8"?>
<testng-results ignored="0" total="3" passed="3" failed="0" skipped="0">
  <reporter-output>
  </reporter-output>
  <suite started-at="2023-02-04T08:14:00 IST" name="Default suite" finished-at="2023-02-04T08:14:00 IST" duration-ms="48">
    <groups>
    </groups>
    <test started-at="2023-02-04T08:14:00 IST" name="Default test" finished-at="2023-02-04T08:14:00 IST" duration-ms="48">
      <class name="SeleniumTests.Testngdemo">
        <test-method signature="minus1()[pri:-1, instance:SeleniumTests.Testngdemo@7e7be63f]" started-at="2023-02-04T08:14:00 IST" name="minus1" finished-at="2023-02-04T08:14:00 IST" duration-ms="7" status="PASS">
          <reporter-output>
          </reporter-output>
        </test-method> <!-- minus1 -->
        <test-method signature="order0()[pri:0, instance:SeleniumTests.Testngdemo@7e7be63f]" started-at="2023-02-04T08:14:00 IST" name="order0" finished-at="2023-02-04T08:14:00 IST" duration-ms="1" status="PASS">
          <reporter-output>
          </reporter-output>
        </test-method> <!-- order0 -->
        <test-method signature="order1()[pri:1, instance:SeleniumTests.Testngdemo@7e7be63f]" started-at="2023-02-04T08:14:00 IST" name="order1" finished-at="2023-02-04T08:14:00 IST" duration-ms="1" status="PASS">
          <reporter-output>
          </reporter-output>
        </test-method> <!-- order1 -->
      </class> <!-- SeleniumTests.Testngdemo -->
    </test> <!-- Default test -->
  </suite> <!-- Default suite -->
</testng-results>
